<?xml version="1.0" encoding="UTF-8"?>
<testsuite name="com.csc.TestOakTree" tests="5" skipped="0" failures="0" errors="0" timestamp="2024-12-08T01:25:00" hostname="KYLESPC" time="0.022">
  <properties/>
  <testcase name="testTreeStructure()" classname="com.csc.TestOakTree" time="0.017"/>
  <testcase name="testLeftAndRightAreNullByDefault()" classname="com.csc.TestOakTree" time="0.001"/>
  <testcase name="testAttachLeftChild()" classname="com.csc.TestOakTree" time="0.0"/>
  <testcase name="testAttachRightChild()" classname="com.csc.TestOakTree" time="0.0"/>
  <testcase name="testNodeStoresSquirrel()" classname="com.csc.TestOakTree" time="0.0"/>
  <system-out><![CDATA[]]></system-out>
  <system-err><![CDATA[]]></system-err>
</testsuite>
